<?xml version="1.0" encoding="UTF-8"?>
<!-- Generated by org.testng.reporters.JUnitXMLReporter -->
<testsuite hostname="srinivas" name="chrome Test" tests="1" failures="0" timestamp="9 Nov 2016 12:18:06 GMT" time="0.017" errors="0">
  <testcase name="@BeforeTest beforeTest" time="0.0" classname="com.orange_hrms.Welcome">
    <failure type="java.lang.NullPointerException">
      <![CDATA[java.lang.NullPointerException
	at com.orange_hrms.utils.MultiBrowser.Browser(MultiBrowser.java:21)
	at com.orange_hrms.Welcome.beforeTest(Welcome.java:28)
... Removed 22 stack frames]]>
    </failure>
  </testcase> <!-- @BeforeTest beforeTest -->
  <testcase name="@AfterTest afterTest" time="0.0" classname="com.orange_hrms.Welcome">
    <skipped/>
  </testcase> <!-- @AfterTest afterTest -->
  <testcase name="googlehome" time="0.003" classname="com.orange_hrms.Welcome">
    <skipped/>
  </testcase> <!-- googlehome -->
</testsuite> <!-- chrome Test -->
